<?xml version="1.0" encoding="UTF-8"?>
<testsuite name="org.hyperskill.secretdiary.Stage1UnitTest" tests="5" skipped="0" failures="0" errors="0" timestamp="2023-11-10T21:12:08" hostname="DESKTOP-S3OS6DJ" time="6.232">
  <properties/>
  <testcase name="test00_checkEditText" classname="org.hyperskill.secretdiary.Stage1UnitTest" time="5.436"/>
  <testcase name="test01_checkButtonSave" classname="org.hyperskill.secretdiary.Stage1UnitTest" time="0.161"/>
  <testcase name="test02_checkTextView" classname="org.hyperskill.secretdiary.Stage1UnitTest" time="0.152"/>
  <testcase name="test03_checkSaving" classname="org.hyperskill.secretdiary.Stage1UnitTest" time="0.251"/>
  <testcase name="test04_checkSavingBlank" classname="org.hyperskill.secretdiary.Stage1UnitTest" time="0.232"/>
  <system-out><![CDATA[Called loadFromPath(/system/framework/framework-res.apk, true); mode=binary sdk=29
resources.arsc in APK 'C:\Users\user\.m2\repository\org\robolectric\android-all-instrumented\10-robolectric-5803371-i3\android-all-instrumented-10-robolectric-5803371-i3.jar' is compressed.
]]></system-out>
  <system-err><![CDATA[]]></system-err>
</testsuite>
