<?xml version="1.0" encoding="UTF-8"?>
<testsuite name="org.hyperskill.secretdiary.Stage3UnitTest" tests="7" skipped="0" failures="0" errors="0" timestamp="2023-11-12T21:12:34" hostname="DESKTOP-S3OS6DJ" time="15.059">
  <properties/>
  <testcase name="test00_checkEditText" classname="org.hyperskill.secretdiary.Stage3UnitTest" time="11.317"/>
  <testcase name="test01_checkButtonSave" classname="org.hyperskill.secretdiary.Stage3UnitTest" time="0.261"/>
  <testcase name="test02_checkTextView" classname="org.hyperskill.secretdiary.Stage3UnitTest" time="0.296"/>
  <testcase name="test03_checkButtonUndo" classname="org.hyperskill.secretdiary.Stage3UnitTest" time="0.24"/>
  <testcase name="test04_checkSavingAndUndo" classname="org.hyperskill.secretdiary.Stage3UnitTest" time="2.184"/>
  <testcase name="test05_checkSavingBlank" classname="org.hyperskill.secretdiary.Stage3UnitTest" time="0.191"/>
  <testcase name="test06_checkUndoBlank" classname="org.hyperskill.secretdiary.Stage3UnitTest" time="0.569"/>
  <system-out><![CDATA[Called loadFromPath(/system/framework/framework-res.apk, true); mode=binary sdk=29
resources.arsc in APK 'C:\Users\user\.m2\repository\org\robolectric\android-all-instrumented\10-robolectric-5803371-i3\android-all-instrumented-10-robolectric-5803371-i3.jar' is compressed.
]]></system-out>
  <system-err><![CDATA[]]></system-err>
</testsuite>
