<?xml version="1.0" encoding="UTF-8"?>
<testsuite name="org.hyperskill.secretdiary.Stage5UnitTest" tests="8" skipped="0" failures="0" errors="0" timestamp="2023-11-13T11:14:58" hostname="DESKTOP-S3OS6DJ" time="9.119">
  <properties/>
  <testcase name="test00_checkEditTextPin" classname="org.hyperskill.secretdiary.Stage5UnitTest" time="7.274"/>
  <testcase name="test01_checkButtonLogin" classname="org.hyperskill.secretdiary.Stage5UnitTest" time="0.254"/>
  <testcase name="test02_checkLauncher" classname="org.hyperskill.secretdiary.Stage5UnitTest" time="0.243"/>
  <testcase name="test03_checkNavigation" classname="org.hyperskill.secretdiary.Stage5UnitTest" time="0.549"/>
  <testcase name="test04_checkLoginActivityFinished" classname="org.hyperskill.secretdiary.Stage5UnitTest" time="0.154"/>
  <testcase name="test05_checkWrongPinErrorMessage" classname="org.hyperskill.secretdiary.Stage5UnitTest" time="0.303"/>
  <testcase name="test06_checkWrongPinActivityBehavior" classname="org.hyperskill.secretdiary.Stage5UnitTest" time="0.201"/>
  <testcase name="testShouldCheckTextViewTitle" classname="org.hyperskill.secretdiary.Stage5UnitTest" time="0.138"/>
  <system-out><![CDATA[Called loadFromPath(/system/framework/framework-res.apk, true); mode=binary sdk=29
resources.arsc in APK 'C:\Users\user\.m2\repository\org\robolectric\android-all-instrumented\10-robolectric-5803371-i3\android-all-instrumented-10-robolectric-5803371-i3.jar' is compressed.
]]></system-out>
  <system-err><![CDATA[]]></system-err>
</testsuite>
