<?xml version="1.0" encoding="UTF-8"?>
<testsuite name="org.hyperskill.secretdiary.Stage4UnitTest" tests="9" skipped="0" failures="0" errors="0" timestamp="2023-11-13T00:05:46" hostname="DESKTOP-S3OS6DJ" time="14.665">
  <properties/>
  <testcase name="test00_checkEditText" classname="org.hyperskill.secretdiary.Stage4UnitTest" time="7.014"/>
  <testcase name="test01_checkButtonSave" classname="org.hyperskill.secretdiary.Stage4UnitTest" time="0.211"/>
  <testcase name="test02_checkTextView" classname="org.hyperskill.secretdiary.Stage4UnitTest" time="0.205"/>
  <testcase name="test03_checkButtonUndo" classname="org.hyperskill.secretdiary.Stage4UnitTest" time="0.181"/>
  <testcase name="test04_checkSavingAndUndo" classname="org.hyperskill.secretdiary.Stage4UnitTest" time="3.725"/>
  <testcase name="test05_checkSavingBlank" classname="org.hyperskill.secretdiary.Stage4UnitTest" time="0.216"/>
  <testcase name="test06_checkUndoBlank" classname="org.hyperskill.secretdiary.Stage4UnitTest" time="0.506"/>
  <testcase name="test07_checkSavePersists" classname="org.hyperskill.secretdiary.Stage4UnitTest" time="2.403"/>
  <testcase name="test08_checkRestoreAndButtons" classname="org.hyperskill.secretdiary.Stage4UnitTest" time="0.201"/>
  <system-out><![CDATA[Called loadFromPath(/system/framework/framework-res.apk, true); mode=binary sdk=29
resources.arsc in APK 'C:\Users\user\.m2\repository\org\robolectric\android-all-instrumented\10-robolectric-5803371-i3\android-all-instrumented-10-robolectric-5803371-i3.jar' is compressed.
]]></system-out>
  <system-err><![CDATA[]]></system-err>
</testsuite>
