<?xml version="1.0" encoding="UTF-8"?>
<testsuite name="org.hyperskill.secretdiary.Stage4UnitTest" tests="9" skipped="0" failures="0" errors="0" timestamp="2023-11-13T11:15:07" hostname="DESKTOP-S3OS6DJ" time="6.562">
  <properties/>
  <testcase name="test00_checkEditText" classname="org.hyperskill.secretdiary.Stage4UnitTest" time="0.145"/>
  <testcase name="test01_checkButtonSave" classname="org.hyperskill.secretdiary.Stage4UnitTest" time="0.129"/>
  <testcase name="test02_checkTextView" classname="org.hyperskill.secretdiary.Stage4UnitTest" time="0.158"/>
  <testcase name="test03_checkButtonUndo" classname="org.hyperskill.secretdiary.Stage4UnitTest" time="0.197"/>
  <testcase name="test04_checkSavingAndUndo" classname="org.hyperskill.secretdiary.Stage4UnitTest" time="2.545"/>
  <testcase name="test05_checkSavingBlank" classname="org.hyperskill.secretdiary.Stage4UnitTest" time="0.178"/>
  <testcase name="test06_checkUndoBlank" classname="org.hyperskill.secretdiary.Stage4UnitTest" time="0.483"/>
  <testcase name="test07_checkSavePersists" classname="org.hyperskill.secretdiary.Stage4UnitTest" time="2.539"/>
  <testcase name="test08_checkRestoreAndButtons" classname="org.hyperskill.secretdiary.Stage4UnitTest" time="0.187"/>
  <system-out><![CDATA[]]></system-out>
  <system-err><![CDATA[]]></system-err>
</testsuite>
